4/20/2018, 2:57:21 AM --- DEBUG --- Server is now listening 
4/20/2018, 2:57:24 AM --- DEBUG --- A user connected 
4/20/2018, 2:57:26 AM --- INFO --- undefined has disconnected 
4/20/2018, 2:57:26 AM --- DEBUG --- A user connected 
4/20/2018, 2:57:34 AM --- INFO --- q5 is now connected 
4/20/2018, 2:57:36 AM --- DEBUG --- A user connected 
4/20/2018, 2:57:38 AM --- INFO --- q6 is now connected 
4/20/2018, 2:57:41 AM --- INFO --- q5 requested an audio response from server 
4/20/2018, 2:57:41 AM --- DEBUG --- Server is returning C:\Projects\FLECKS-Prototype/server-audio0.wav 
4/20/2018, 2:57:41 AM --- DEBUG --- Server has written to the audio to stream 
4/20/2018, 2:57:43 AM --- INFO --- q6 requested an audio response from server 
4/20/2018, 2:57:43 AM --- DEBUG --- Server is returning C:\Projects\FLECKS-Prototype/server-audio0.wav 
4/20/2018, 2:57:43 AM --- DEBUG --- Server has written to the audio to stream 
4/20/2018, 2:57:43 AM --- INFO --- q6 requested an audio response from server 
4/20/2018, 2:57:43 AM --- DEBUG --- Server is returning C:\Projects\FLECKS-Prototype/server-audio0.wav 
4/20/2018, 2:57:43 AM --- DEBUG --- Server has written to the audio to stream 
4/20/2018, 2:57:43 AM --- INFO --- q6 requested an audio response from server 
4/20/2018, 2:57:43 AM --- DEBUG --- Server is returning C:\Projects\FLECKS-Prototype/server-audio0.wav 
4/20/2018, 2:57:43 AM --- DEBUG --- Server has written to the audio to stream 
4/20/2018, 2:57:45 AM --- INFO --- Audio file is saved at ./audio-recordings/q6-1524207465169.wav 
4/20/2018, 2:57:46 AM --- INFO --- Audio file is saved at ./audio-recordings/q5-1524207466532.wav 
4/20/2018, 2:57:47 AM --- INFO --- q5 has disconnected 
4/20/2018, 2:57:53 AM --- DEBUG --- A user connected 
4/20/2018, 2:57:56 AM --- INFO --- q7 is now connected 
4/20/2018, 2:58:01 AM --- INFO --- Audio file is saved at ./audio-recordings/q6-1524207481240.wav 
4/20/2018, 2:58:02 AM --- INFO --- Audio file is saved at ./audio-recordings/q7-1524207482761.wav 
4/20/2018, 2:58:04 AM --- INFO --- q6 has disconnected 
4/20/2018, 2:58:05 AM --- INFO --- q7 has disconnected 
4/20/2018, 2:58:14 AM --- DEBUG --- A user connected 
4/20/2018, 2:58:16 AM --- INFO --- q8 is now connected 
4/20/2018, 2:58:20 AM --- INFO --- q8 has disconnected 
