4/20/2018, 3:55:57 AM --- DEBUG --- Server is now listening 
4/20/2018, 3:56:06 AM --- DEBUG --- A user connected 
4/20/2018, 3:56:10 AM --- INFO --- r1 is now connected 
4/20/2018, 3:56:12 AM --- DEBUG --- A user connected 
4/20/2018, 3:56:14 AM --- INFO --- r2 is now connected 
4/20/2018, 3:56:41 AM --- INFO --- r1 requested an audio response from server 
4/20/2018, 3:56:41 AM --- DEBUG --- Server is returning C:\Projects\FLECKS-Prototype/server-audio0.wav 
4/20/2018, 3:56:41 AM --- DEBUG --- Server has written to the audio to stream 
4/20/2018, 3:58:06 AM --- INFO --- Server audio response sent to clients 
4/20/2018, 3:58:12 AM --- INFO --- Server audio response sent to clients 
4/20/2018, 4:00:06 AM --- INFO --- Server audio response sent to clients 
4/20/2018, 4:00:12 AM --- INFO --- Server audio response sent to clients 
4/20/2018, 4:02:06 AM --- INFO --- Server audio response sent to clients 
4/20/2018, 4:02:12 AM --- INFO --- Server audio response sent to clients 
4/20/2018, 4:04:06 AM --- INFO --- Server audio response sent to clients 
4/20/2018, 4:04:12 AM --- INFO --- Server audio response sent to clients 
4/20/2018, 4:06:06 AM --- INFO --- Server audio response sent to clients 
4/20/2018, 4:06:12 AM --- INFO --- Server audio response sent to clients 
4/20/2018, 4:08:06 AM --- INFO --- Server audio response sent to clients 
4/20/2018, 4:08:12 AM --- INFO --- Server audio response sent to clients 
4/20/2018, 4:10:06 AM --- INFO --- Server audio response sent to clients 
4/20/2018, 4:10:12 AM --- INFO --- Server audio response sent to clients 
4/20/2018, 4:12:06 AM --- INFO --- Server audio response sent to clients 
4/20/2018, 4:12:12 AM --- INFO --- Server audio response sent to clients 
4/20/2018, 4:14:06 AM --- INFO --- Server audio response sent to clients 
4/20/2018, 4:14:12 AM --- INFO --- Server audio response sent to clients 
4/20/2018, 4:16:07 AM --- INFO --- Server audio response sent to clients 
4/20/2018, 4:16:12 AM --- INFO --- Server audio response sent to clients 
4/20/2018, 4:18:07 AM --- INFO --- Server audio response sent to clients 
4/20/2018, 4:18:12 AM --- INFO --- Server audio response sent to clients 
4/20/2018, 4:20:07 AM --- INFO --- Server audio response sent to clients 
4/20/2018, 4:20:12 AM --- INFO --- Server audio response sent to clients 
4/20/2018, 4:22:07 AM --- INFO --- Server audio response sent to clients 
4/20/2018, 4:22:12 AM --- INFO --- Server audio response sent to clients 
4/20/2018, 4:24:07 AM --- INFO --- Server audio response sent to clients 
4/20/2018, 4:24:12 AM --- INFO --- Server audio response sent to clients 
4/20/2018, 4:26:07 AM --- INFO --- Server audio response sent to clients 
4/20/2018, 4:26:12 AM --- INFO --- Server audio response sent to clients 
4/20/2018, 4:28:07 AM --- INFO --- Server audio response sent to clients 
