4/20/2018, 4:28:11 AM --- DEBUG --- Server is now listening 
4/20/2018, 4:28:11 AM --- DEBUG --- A user connected 
4/20/2018, 4:28:11 AM --- DEBUG --- A user connected 
4/20/2018, 4:28:18 AM --- INFO --- undefined has disconnected 
4/20/2018, 4:28:18 AM --- DEBUG --- A user connected 
4/20/2018, 4:28:22 AM --- INFO ---  is now connected 
4/20/2018, 4:30:11 AM --- INFO --- Server audio response sent to clients 
4/20/2018, 4:30:11 AM --- INFO --- Server audio response sent to clients 
4/20/2018, 4:30:18 AM --- INFO --- Server audio response sent to clients 
4/20/2018, 4:32:11 AM --- INFO --- Server audio response sent to clients 
4/20/2018, 4:32:11 AM --- INFO --- Server audio response sent to clients 
4/20/2018, 4:32:18 AM --- INFO --- Server audio response sent to clients 
4/20/2018, 4:34:11 AM --- INFO --- Server audio response sent to clients 
4/20/2018, 4:34:11 AM --- INFO --- Server audio response sent to clients 
4/20/2018, 4:34:18 AM --- INFO --- Server audio response sent to clients 
4/20/2018, 4:36:11 AM --- INFO --- Server audio response sent to clients 
4/20/2018, 4:36:11 AM --- INFO --- Server audio response sent to clients 
4/20/2018, 4:36:18 AM --- INFO --- Server audio response sent to clients 
4/20/2018, 4:36:48 AM --- INFO ---  has disconnected 
4/20/2018, 4:36:48 AM --- DEBUG --- A user connected 
4/20/2018, 4:36:56 AM --- INFO --- t4 is now connected 
4/20/2018, 4:37:13 AM --- INFO --- t4 has disconnected 
4/20/2018, 4:37:13 AM --- DEBUG --- A user connected 
4/20/2018, 4:37:48 AM --- INFO --- undefined has disconnected 
4/20/2018, 4:38:11 AM --- INFO --- Server audio response sent to clients 
4/20/2018, 4:38:11 AM --- INFO --- Server audio response sent to clients 
4/20/2018, 4:38:18 AM --- INFO --- Server audio response sent to clients 
4/20/2018, 4:38:48 AM --- INFO --- Server audio response sent to clients 
4/20/2018, 4:39:13 AM --- INFO --- Server audio response sent to clients 
4/20/2018, 4:40:11 AM --- INFO --- Server audio response sent to clients 
4/20/2018, 4:40:11 AM --- INFO --- Server audio response sent to clients 
4/20/2018, 4:40:18 AM --- INFO --- Server audio response sent to clients 
4/20/2018, 4:40:48 AM --- INFO --- Server audio response sent to clients 
4/20/2018, 4:41:13 AM --- INFO --- Server audio response sent to clients 
4/20/2018, 4:42:11 AM --- INFO --- Server audio response sent to clients 
4/20/2018, 4:42:11 AM --- INFO --- Server audio response sent to clients 
4/20/2018, 4:42:18 AM --- INFO --- Server audio response sent to clients 
4/20/2018, 4:42:48 AM --- INFO --- Server audio response sent to clients 
4/20/2018, 4:43:13 AM --- INFO --- Server audio response sent to clients 
