4/20/2018, 2:57:34 AM --- INFO --- q5 is now connected 
4/20/2018, 2:57:34 AM --- INFO --- Client q5 is ready to record 
4/20/2018, 2:57:38 AM --- INFO --- q6 is now connected 
4/20/2018, 2:57:38 AM --- INFO --- Client q6 is ready to record 
4/20/2018, 2:57:40 AM --- INFO --- Client q6 began recording 
4/20/2018, 2:57:41 AM --- INFO --- Client q5 began recording 
4/20/2018, 2:57:41 AM --- INFO --- Client q5 requested an audio response from server 
4/20/2018, 2:57:41 AM --- INFO --- Client q5 received an audio response from server 
4/20/2018, 2:57:43 AM --- INFO --- Client q6 requested an audio response from server 
4/20/2018, 2:57:43 AM --- INFO --- Client q6 received an audio response from server 
4/20/2018, 2:57:43 AM --- INFO --- Client q6 requested an audio response from server 
4/20/2018, 2:57:43 AM --- INFO --- Client q6 received an audio response from server 
4/20/2018, 2:57:43 AM --- INFO --- Client q6 requested an audio response from server 
4/20/2018, 2:57:43 AM --- INFO --- Client q6 received an audio response from server 
4/20/2018, 2:57:45 AM --- INFO --- Client q6 stopped recording 
4/20/2018, 2:57:45 AM --- INFO --- Audio file is saved at ./audio-recordings/q6-1524207465169.wav 
4/20/2018, 2:57:46 AM --- INFO --- Client q5 stopped recording 
4/20/2018, 2:57:46 AM --- INFO --- Audio file is saved at ./audio-recordings/q5-1524207466532.wav 
4/20/2018, 2:57:47 AM --- INFO --- q5 has disconnected 
4/20/2018, 2:57:56 AM --- INFO --- q7 is now connected 
4/20/2018, 2:57:56 AM --- INFO --- Client q7 is ready to record 
4/20/2018, 2:57:58 AM --- INFO --- Client q7 began recording 
4/20/2018, 2:57:59 AM --- INFO --- Client q6 began recording 
4/20/2018, 2:58:01 AM --- INFO --- Client q6 stopped recording 
4/20/2018, 2:58:01 AM --- INFO --- Audio file is saved at ./audio-recordings/q6-1524207481240.wav 
4/20/2018, 2:58:02 AM --- INFO --- Client q7 stopped recording 
4/20/2018, 2:58:02 AM --- INFO --- Audio file is saved at ./audio-recordings/q7-1524207482761.wav 
4/20/2018, 2:58:04 AM --- INFO --- q6 has disconnected 
4/20/2018, 2:58:05 AM --- INFO --- q7 has disconnected 
4/20/2018, 2:58:05 AM --- INFO --- Session has ended, there are no more participants 
