4/20/2018, 5:14:00 AM --- INFO --- i is now connected 
4/20/2018, 5:14:00 AM --- INFO --- Client i is ready to record 
4/20/2018, 5:14:01 AM --- INFO --- Client i began recording 
4/20/2018, 5:14:03 AM --- INFO --- Client i stopped recording 
4/20/2018, 5:14:03 AM --- INFO --- Audio file is saved at ./audio-recordings/i-1524215643467.wav 
4/20/2018, 5:14:05 AM --- INFO --- Client i requested an audio response from server 
4/20/2018, 5:14:05 AM --- INFO --- Client i received an audio response from server 
4/20/2018, 5:14:10 AM --- INFO --- Server audio response sent to clients 
4/20/2018, 5:14:10 AM --- INFO --- Client i received an audio response from server 
4/20/2018, 5:14:35 AM --- INFO --- Server audio response sent to clients 
4/20/2018, 5:14:35 AM --- INFO --- Client i received an audio response from server 
4/20/2018, 5:14:55 AM --- INFO --- Server audio response sent to clients 
4/20/2018, 5:14:55 AM --- INFO --- Client i received an audio response from server 
4/20/2018, 5:15:06 AM --- INFO --- Server audio response sent to clients 
4/20/2018, 5:15:06 AM --- INFO --- Client i received an audio response from server 
4/20/2018, 5:15:09 AM --- INFO --- Server audio response sent to clients 
4/20/2018, 5:15:09 AM --- INFO --- Client i received an audio response from server 
4/20/2018, 5:15:11 AM --- INFO --- Server audio response sent to clients 
4/20/2018, 5:15:11 AM --- INFO --- Client i received an audio response from server 
4/20/2018, 5:15:32 AM --- INFO --- Server audio response sent to clients 
4/20/2018, 5:15:45 AM --- INFO --- Client i received an audio response from server 
4/20/2018, 5:15:51 AM --- INFO --- Server audio response sent to clients 
4/20/2018, 5:15:51 AM --- INFO --- Client i received an audio response from server 
4/20/2018, 5:15:56 AM --- INFO --- Server audio response sent to clients 
4/20/2018, 5:16:10 AM --- INFO --- Server audio response sent to clients 
4/20/2018, 5:16:10 AM --- INFO --- Client i received an audio response from server 
4/20/2018, 5:16:35 AM --- INFO --- Server audio response sent to clients 
4/20/2018, 5:16:35 AM --- INFO --- Client i received an audio response from server 
4/20/2018, 5:16:55 AM --- INFO --- Server audio response sent to clients 
4/20/2018, 5:16:55 AM --- INFO --- Client i received an audio response from server 
4/20/2018, 5:17:06 AM --- INFO --- Server audio response sent to clients 
4/20/2018, 5:17:06 AM --- INFO --- Client i received an audio response from server 
4/20/2018, 5:17:09 AM --- INFO --- Server audio response sent to clients 
4/20/2018, 5:17:09 AM --- INFO --- Client i received an audio response from server 
4/20/2018, 5:17:11 AM --- INFO --- Server audio response sent to clients 
4/20/2018, 5:17:11 AM --- INFO --- Client i received an audio response from server 
4/20/2018, 5:17:32 AM --- INFO --- Server audio response sent to clients 
4/20/2018, 5:17:33 AM --- INFO --- Client i received an audio response from server 
4/20/2018, 5:17:51 AM --- INFO --- Server audio response sent to clients 
4/20/2018, 5:17:51 AM --- INFO --- Client i received an audio response from server 
4/20/2018, 5:17:56 AM --- INFO --- Server audio response sent to clients 
4/20/2018, 5:18:10 AM --- INFO --- Server audio response sent to clients 
4/20/2018, 5:18:10 AM --- INFO --- Client i received an audio response from server 
4/20/2018, 5:18:13 AM --- INFO --- i has disconnected 
4/20/2018, 5:18:13 AM --- INFO --- Session has ended, there are no more participants 
