4/20/2018, 5:18:15 AM --- INFO --- e is now connected 
4/20/2018, 5:18:15 AM --- INFO --- Client e is ready to record 
4/20/2018, 5:18:16 AM --- INFO --- Client e began recording 
4/20/2018, 5:18:19 AM --- INFO --- Client e stopped recording 
4/20/2018, 5:18:19 AM --- INFO --- Audio file is saved at ./audio-recordings/e-1524215899534.wav 
4/20/2018, 5:18:25 AM --- INFO --- Client e requested an audio response from server 
4/20/2018, 5:18:25 AM --- INFO --- Client e received an audio response from server 
4/20/2018, 5:18:35 AM --- INFO --- Server audio response sent to clients 
4/20/2018, 5:18:35 AM --- INFO --- Client e received an audio response from server 
4/20/2018, 5:18:55 AM --- INFO --- Server audio response sent to clients 
4/20/2018, 5:18:55 AM --- INFO --- Client e received an audio response from server 
4/20/2018, 5:19:06 AM --- INFO --- Server audio response sent to clients 
4/20/2018, 5:19:06 AM --- INFO --- Client e received an audio response from server 
4/20/2018, 5:19:09 AM --- INFO --- Server audio response sent to clients 
4/20/2018, 5:19:09 AM --- INFO --- Client e received an audio response from server 
4/20/2018, 5:19:11 AM --- INFO --- Server audio response sent to clients 
4/20/2018, 5:19:11 AM --- INFO --- Client e received an audio response from server 
4/20/2018, 5:19:32 AM --- INFO --- Server audio response sent to clients 
4/20/2018, 5:19:45 AM --- INFO --- Client e received an audio response from server 
4/20/2018, 5:19:51 AM --- INFO --- Server audio response sent to clients 
4/20/2018, 5:19:51 AM --- INFO --- Client e received an audio response from server 
4/20/2018, 5:19:56 AM --- INFO --- Server audio response sent to clients 
4/20/2018, 5:19:56 AM --- INFO --- Client e received an audio response from server 
4/20/2018, 5:20:10 AM --- INFO --- Server audio response sent to clients 
4/20/2018, 5:20:10 AM --- INFO --- Client e received an audio response from server 
4/20/2018, 5:20:14 AM --- INFO --- Server audio response sent to clients 
4/20/2018, 5:20:35 AM --- INFO --- Server audio response sent to clients 
4/20/2018, 5:20:45 AM --- INFO --- Client e received an audio response from server 
4/20/2018, 5:20:55 AM --- INFO --- Server audio response sent to clients 
4/20/2018, 5:20:55 AM --- INFO --- Client e received an audio response from server 
4/20/2018, 5:21:06 AM --- INFO --- Server audio response sent to clients 
4/20/2018, 5:21:06 AM --- INFO --- Client e received an audio response from server 
4/20/2018, 5:21:09 AM --- INFO --- Server audio response sent to clients 
4/20/2018, 5:21:09 AM --- INFO --- Client e received an audio response from server 
4/20/2018, 5:21:11 AM --- INFO --- Server audio response sent to clients 
4/20/2018, 5:21:11 AM --- INFO --- Client e received an audio response from server 
4/20/2018, 5:21:32 AM --- INFO --- Server audio response sent to clients 
4/20/2018, 5:21:33 AM --- INFO --- Client e received an audio response from server 
4/20/2018, 5:21:51 AM --- INFO --- Server audio response sent to clients 
4/20/2018, 5:21:51 AM --- INFO --- Client e received an audio response from server 
4/20/2018, 5:21:56 AM --- INFO --- Server audio response sent to clients 
4/20/2018, 5:21:56 AM --- INFO --- Client e received an audio response from server 
4/20/2018, 5:22:04 AM --- INFO --- e has disconnected 
4/20/2018, 5:22:04 AM --- INFO --- Session has ended, there are no more participants 
