4/20/2018, 4:28:18 AM --- INFO --- undefined has disconnected 
4/20/2018, 4:28:22 AM --- INFO ---  is now connected 
4/20/2018, 4:28:22 AM --- INFO --- Client  is ready to record 
4/20/2018, 4:30:11 AM --- INFO --- Server audio response sent to clients 
4/20/2018, 4:30:11 AM --- INFO --- Server audio response sent to clients 
4/20/2018, 4:30:18 AM --- INFO --- Server audio response sent to clients 
4/20/2018, 4:30:24 AM --- INFO --- Client  received an audio response from server 
4/20/2018, 4:30:25 AM --- INFO --- Client  received an audio response from server 
4/20/2018, 4:32:11 AM --- INFO --- Server audio response sent to clients 
4/20/2018, 4:32:11 AM --- INFO --- Server audio response sent to clients 
4/20/2018, 4:32:18 AM --- INFO --- Server audio response sent to clients 
4/20/2018, 4:32:24 AM --- INFO --- Client  received an audio response from server 
4/20/2018, 4:32:24 AM --- INFO --- Client  received an audio response from server 
4/20/2018, 4:34:11 AM --- INFO --- Server audio response sent to clients 
4/20/2018, 4:34:11 AM --- INFO --- Server audio response sent to clients 
4/20/2018, 4:34:18 AM --- INFO --- Server audio response sent to clients 
4/20/2018, 4:34:24 AM --- INFO --- Client  received an audio response from server 
4/20/2018, 4:34:25 AM --- INFO --- Client  received an audio response from server 
4/20/2018, 4:36:11 AM --- INFO --- Server audio response sent to clients 
4/20/2018, 4:36:11 AM --- INFO --- Server audio response sent to clients 
4/20/2018, 4:36:18 AM --- INFO --- Server audio response sent to clients 
4/20/2018, 4:36:24 AM --- INFO --- Client  received an audio response from server 
4/20/2018, 4:36:25 AM --- INFO --- Client  received an audio response from server 
4/20/2018, 4:36:48 AM --- INFO ---  has disconnected 
4/20/2018, 4:36:56 AM --- INFO --- t4 is now connected 
4/20/2018, 4:36:57 AM --- INFO --- Client t4 is ready to record 
4/20/2018, 4:37:13 AM --- INFO --- t4 has disconnected 
4/20/2018, 4:37:48 AM --- INFO --- undefined has disconnected 
4/20/2018, 4:38:11 AM --- INFO --- Server audio response sent to clients 
4/20/2018, 4:38:11 AM --- INFO --- Server audio response sent to clients 
4/20/2018, 4:38:12 AM --- INFO --- Client  received an audio response from server 
4/20/2018, 4:38:12 AM --- INFO --- Client  received an audio response from server 
4/20/2018, 4:38:18 AM --- INFO --- Server audio response sent to clients 
4/20/2018, 4:38:19 AM --- INFO --- Client  received an audio response from server 
4/20/2018, 4:38:48 AM --- INFO --- Server audio response sent to clients 
4/20/2018, 4:39:01 AM --- INFO --- Client  received an audio response from server 
4/20/2018, 4:39:13 AM --- INFO --- Server audio response sent to clients 
4/20/2018, 4:40:11 AM --- INFO --- Server audio response sent to clients 
4/20/2018, 4:40:11 AM --- INFO --- Server audio response sent to clients 
4/20/2018, 4:40:12 AM --- INFO --- Client  received an audio response from server 
4/20/2018, 4:40:12 AM --- INFO --- Client  received an audio response from server 
4/20/2018, 4:40:18 AM --- INFO --- Server audio response sent to clients 
4/20/2018, 4:40:19 AM --- INFO --- Client  received an audio response from server 
4/20/2018, 4:40:48 AM --- INFO --- Server audio response sent to clients 
4/20/2018, 4:40:48 AM --- INFO --- Client  received an audio response from server 
4/20/2018, 4:41:13 AM --- INFO --- Server audio response sent to clients 
4/20/2018, 4:42:11 AM --- INFO --- Server audio response sent to clients 
4/20/2018, 4:42:11 AM --- INFO --- Server audio response sent to clients 
4/20/2018, 4:42:12 AM --- INFO --- Client  received an audio response from server 
4/20/2018, 4:42:12 AM --- INFO --- Client  received an audio response from server 
4/20/2018, 4:42:18 AM --- INFO --- Server audio response sent to clients 
4/20/2018, 4:42:19 AM --- INFO --- Client  received an audio response from server 
4/20/2018, 4:42:48 AM --- INFO --- Server audio response sent to clients 
4/20/2018, 4:42:48 AM --- INFO --- Client  received an audio response from server 
4/20/2018, 4:43:13 AM --- INFO --- Server audio response sent to clients 
