4/23/2018, 9:11:30 PM --- INFO --- e is now connected 
4/23/2018, 9:11:30 PM --- INFO --- Client e is ready to record 
4/23/2018, 9:11:31 PM --- INFO --- Client e began recording 
4/23/2018, 9:11:35 PM --- INFO --- Client e stopped recording 
4/23/2018, 9:11:35 PM --- INFO --- Audio file is saved at ./audio-recordings/e-1524532295527.wav 
4/23/2018, 9:11:36 PM --- INFO --- Client e received an audio response from server 
4/23/2018, 9:13:27 PM --- INFO --- Server audio response sent to clients 
4/23/2018, 9:15:27 PM --- INFO --- Server audio response sent to clients 
4/23/2018, 9:17:27 PM --- INFO --- Server audio response sent to clients 
4/23/2018, 9:19:27 PM --- INFO --- Server audio response sent to clients 
4/23/2018, 9:21:27 PM --- INFO --- Server audio response sent to clients 
4/23/2018, 9:23:27 PM --- INFO --- Server audio response sent to clients 
4/23/2018, 9:25:27 PM --- INFO --- Server audio response sent to clients 
4/23/2018, 9:27:27 PM --- INFO --- Server audio response sent to clients 
4/23/2018, 9:29:27 PM --- INFO --- Server audio response sent to clients 
4/23/2018, 9:31:27 PM --- INFO --- Server audio response sent to clients 
4/23/2018, 9:33:27 PM --- INFO --- Server audio response sent to clients 
4/23/2018, 9:35:27 PM --- INFO --- Server audio response sent to clients 
4/23/2018, 9:37:27 PM --- INFO --- Server audio response sent to clients 
4/23/2018, 9:39:27 PM --- INFO --- Server audio response sent to clients 
4/23/2018, 9:41:27 PM --- INFO --- Server audio response sent to clients 
4/23/2018, 9:43:27 PM --- INFO --- Server audio response sent to clients 
4/23/2018, 9:45:27 PM --- INFO --- Server audio response sent to clients 
4/23/2018, 9:47:27 PM --- INFO --- Server audio response sent to clients 
4/23/2018, 9:49:27 PM --- INFO --- Server audio response sent to clients 
4/23/2018, 9:51:27 PM --- INFO --- Server audio response sent to clients 
4/23/2018, 9:53:27 PM --- INFO --- Server audio response sent to clients 
4/23/2018, 9:55:27 PM --- INFO --- Server audio response sent to clients 
4/23/2018, 10:11:35 PM --- INFO --- e has disconnected 
4/23/2018, 10:11:35 PM --- INFO --- Session has ended, there are no more participants 
