4/20/2018, 4:48:06 AM --- INFO --- q is now connected 
4/20/2018, 4:48:06 AM --- INFO --- Client q is ready to record 
4/20/2018, 4:49:33 AM --- INFO --- Server audio response sent to clients 
4/20/2018, 4:49:36 AM --- INFO --- Server audio response sent to clients 
4/20/2018, 4:49:46 AM --- INFO --- Client q received an audio response from server 
4/20/2018, 4:49:50 AM --- INFO --- Client q received an audio response from server 
4/20/2018, 4:50:03 AM --- INFO --- Server audio response sent to clients 
4/20/2018, 4:51:33 AM --- INFO --- Server audio response sent to clients 
4/20/2018, 4:51:36 AM --- INFO --- Server audio response sent to clients 
4/20/2018, 4:51:46 AM --- INFO --- Client q received an audio response from server 
4/20/2018, 4:51:50 AM --- INFO --- Client q received an audio response from server 
4/20/2018, 4:52:03 AM --- INFO --- Server audio response sent to clients 
4/20/2018, 4:53:33 AM --- INFO --- Server audio response sent to clients 
4/20/2018, 4:53:36 AM --- INFO --- Server audio response sent to clients 
4/20/2018, 4:53:46 AM --- INFO --- Client q received an audio response from server 
4/20/2018, 4:53:50 AM --- INFO --- Client q received an audio response from server 
4/20/2018, 4:54:03 AM --- INFO --- Server audio response sent to clients 
4/20/2018, 4:55:33 AM --- INFO --- Server audio response sent to clients 
4/20/2018, 4:55:36 AM --- INFO --- Server audio response sent to clients 
4/20/2018, 4:55:46 AM --- INFO --- Client q received an audio response from server 
4/20/2018, 4:55:50 AM --- INFO --- Client q received an audio response from server 
4/20/2018, 4:56:03 AM --- INFO --- Server audio response sent to clients 
4/20/2018, 4:57:12 AM --- INFO --- q has disconnected 
4/20/2018, 4:57:12 AM --- INFO --- Session has ended, there are no more participants 
