4/20/2018, 3:56:10 AM --- INFO --- r1 is now connected 
4/20/2018, 3:56:10 AM --- INFO --- Client r1 is ready to record 
4/20/2018, 3:56:14 AM --- INFO --- r2 is now connected 
4/20/2018, 3:56:14 AM --- INFO --- Client r2 is ready to record 
4/20/2018, 3:56:35 AM --- INFO --- Client r1 began recording 
4/20/2018, 3:56:38 AM --- INFO --- Client r2 began recording 
4/20/2018, 3:56:41 AM --- INFO --- Client r1 requested an audio response from server 
4/20/2018, 3:56:41 AM --- INFO --- Client r2 received an audio response from server 
4/20/2018, 3:56:41 AM --- INFO --- Client r1 received an audio response from server 
4/20/2018, 3:58:06 AM --- INFO --- Server audio response sent to clients 
4/20/2018, 3:58:07 AM --- INFO --- Client r2 received an audio response from server 
4/20/2018, 3:58:12 AM --- INFO --- Server audio response sent to clients 
4/20/2018, 3:58:12 AM --- INFO --- Client r1 received an audio response from server 
4/20/2018, 4:00:06 AM --- INFO --- Server audio response sent to clients 
4/20/2018, 4:00:07 AM --- INFO --- Client r2 received an audio response from server 
4/20/2018, 4:00:12 AM --- INFO --- Server audio response sent to clients 
4/20/2018, 4:00:12 AM --- INFO --- Client r1 received an audio response from server 
4/20/2018, 4:02:06 AM --- INFO --- Server audio response sent to clients 
4/20/2018, 4:02:07 AM --- INFO --- Client r2 received an audio response from server 
4/20/2018, 4:02:12 AM --- INFO --- Server audio response sent to clients 
4/20/2018, 4:02:12 AM --- INFO --- Client r1 received an audio response from server 
4/20/2018, 4:04:06 AM --- INFO --- Server audio response sent to clients 
4/20/2018, 4:04:07 AM --- INFO --- Client r2 received an audio response from server 
4/20/2018, 4:04:12 AM --- INFO --- Server audio response sent to clients 
4/20/2018, 4:04:12 AM --- INFO --- Client r1 received an audio response from server 
4/20/2018, 4:06:06 AM --- INFO --- Server audio response sent to clients 
4/20/2018, 4:06:07 AM --- INFO --- Client r2 received an audio response from server 
4/20/2018, 4:06:12 AM --- INFO --- Server audio response sent to clients 
4/20/2018, 4:06:13 AM --- INFO --- Client r1 received an audio response from server 
4/20/2018, 4:08:06 AM --- INFO --- Server audio response sent to clients 
4/20/2018, 4:08:07 AM --- INFO --- Client r2 received an audio response from server 
4/20/2018, 4:08:12 AM --- INFO --- Server audio response sent to clients 
4/20/2018, 4:08:13 AM --- INFO --- Client r1 received an audio response from server 
4/20/2018, 4:10:06 AM --- INFO --- Server audio response sent to clients 
4/20/2018, 4:10:07 AM --- INFO --- Client r2 received an audio response from server 
4/20/2018, 4:10:12 AM --- INFO --- Server audio response sent to clients 
4/20/2018, 4:10:13 AM --- INFO --- Client r1 received an audio response from server 
4/20/2018, 4:12:06 AM --- INFO --- Server audio response sent to clients 
4/20/2018, 4:12:07 AM --- INFO --- Client r2 received an audio response from server 
4/20/2018, 4:12:12 AM --- INFO --- Server audio response sent to clients 
4/20/2018, 4:12:13 AM --- INFO --- Client r1 received an audio response from server 
4/20/2018, 4:14:06 AM --- INFO --- Server audio response sent to clients 
4/20/2018, 4:14:07 AM --- INFO --- Client r2 received an audio response from server 
4/20/2018, 4:14:12 AM --- INFO --- Server audio response sent to clients 
4/20/2018, 4:14:13 AM --- INFO --- Client r1 received an audio response from server 
4/20/2018, 4:16:07 AM --- INFO --- Server audio response sent to clients 
4/20/2018, 4:16:07 AM --- INFO --- Client r2 received an audio response from server 
4/20/2018, 4:16:12 AM --- INFO --- Server audio response sent to clients 
4/20/2018, 4:16:13 AM --- INFO --- Client r1 received an audio response from server 
4/20/2018, 4:18:07 AM --- INFO --- Server audio response sent to clients 
4/20/2018, 4:18:07 AM --- INFO --- Client r2 received an audio response from server 
4/20/2018, 4:18:12 AM --- INFO --- Server audio response sent to clients 
4/20/2018, 4:18:13 AM --- INFO --- Client r1 received an audio response from server 
4/20/2018, 4:20:07 AM --- INFO --- Server audio response sent to clients 
4/20/2018, 4:20:07 AM --- INFO --- Client r2 received an audio response from server 
4/20/2018, 4:20:12 AM --- INFO --- Server audio response sent to clients 
4/20/2018, 4:20:13 AM --- INFO --- Client r1 received an audio response from server 
4/20/2018, 4:22:07 AM --- INFO --- Server audio response sent to clients 
4/20/2018, 4:22:07 AM --- INFO --- Client r2 received an audio response from server 
4/20/2018, 4:22:12 AM --- INFO --- Server audio response sent to clients 
4/20/2018, 4:22:13 AM --- INFO --- Client r1 received an audio response from server 
4/20/2018, 4:24:07 AM --- INFO --- Server audio response sent to clients 
4/20/2018, 4:24:07 AM --- INFO --- Client r2 received an audio response from server 
4/20/2018, 4:24:12 AM --- INFO --- Server audio response sent to clients 
4/20/2018, 4:24:13 AM --- INFO --- Client r1 received an audio response from server 
4/20/2018, 4:26:07 AM --- INFO --- Server audio response sent to clients 
4/20/2018, 4:26:07 AM --- INFO --- Client r2 received an audio response from server 
4/20/2018, 4:26:12 AM --- INFO --- Server audio response sent to clients 
4/20/2018, 4:26:13 AM --- INFO --- Client r1 received an audio response from server 
4/20/2018, 4:28:07 AM --- INFO --- Server audio response sent to clients 
4/20/2018, 4:28:07 AM --- INFO --- Client r2 received an audio response from server 
