4/20/2018, 5:59:58 AM --- INFO --- r is now connected 
4/20/2018, 5:59:58 AM --- INFO --- Client r is ready to record 
4/20/2018, 6:00:59 AM --- INFO --- Server audio response sent to clients 
4/20/2018, 6:01:11 AM --- INFO --- Client r received an audio response from server 
4/20/2018, 6:01:54 AM --- INFO --- Server audio response sent to clients 
4/20/2018, 6:02:23 AM --- INFO --- r is now connected 
4/20/2018, 6:02:23 AM --- INFO --- Client r is ready to record 
4/20/2018, 6:02:28 AM --- INFO --- Client r requested an audio response from server 
4/20/2018, 6:02:28 AM --- INFO --- Client r received an audio response from server 
4/20/2018, 6:02:29 AM --- INFO --- Client r received an audio response from server 
4/20/2018, 6:02:59 AM --- INFO --- Server audio response sent to clients 
4/20/2018, 6:02:59 AM --- INFO --- Client r received an audio response from server 
4/20/2018, 6:03:00 AM --- INFO --- Client r received an audio response from server 
4/20/2018, 6:03:54 AM --- INFO --- Server audio response sent to clients 
4/20/2018, 6:03:54 AM --- INFO --- Client r received an audio response from server 
4/20/2018, 6:04:22 AM --- INFO --- Server audio response sent to clients 
4/20/2018, 6:04:35 AM --- INFO --- Client r received an audio response from server 
4/20/2018, 6:04:59 AM --- INFO --- Server audio response sent to clients 
4/20/2018, 6:04:59 AM --- INFO --- Client r received an audio response from server 
4/20/2018, 6:05:00 AM --- INFO --- Client r received an audio response from server 
4/20/2018, 6:05:54 AM --- INFO --- Server audio response sent to clients 
4/20/2018, 6:05:54 AM --- INFO --- Client r received an audio response from server 
