4/20/2018, 5:22:06 AM --- INFO --- 4 is now connected 
4/20/2018, 5:22:06 AM --- INFO --- Client 4 is ready to record 
4/20/2018, 5:22:10 AM --- INFO --- Server audio response sent to clients 
4/20/2018, 5:22:10 AM --- INFO --- Client 4 received an audio response from server 
4/20/2018, 5:22:14 AM --- INFO --- Server audio response sent to clients 
4/20/2018, 5:22:14 AM --- INFO --- Client 4 received an audio response from server 
4/20/2018, 5:22:35 AM --- INFO --- Server audio response sent to clients 
4/20/2018, 5:22:35 AM --- INFO --- Client 4 received an audio response from server 
4/20/2018, 5:22:55 AM --- INFO --- Server audio response sent to clients 
4/20/2018, 5:22:55 AM --- INFO --- Client 4 received an audio response from server 
4/20/2018, 5:23:06 AM --- INFO --- Server audio response sent to clients 
4/20/2018, 5:23:06 AM --- INFO --- Client 4 received an audio response from server 
4/20/2018, 5:23:09 AM --- INFO --- Server audio response sent to clients 
4/20/2018, 5:23:09 AM --- INFO --- Client 4 received an audio response from server 
4/20/2018, 5:23:11 AM --- INFO --- Server audio response sent to clients 
4/20/2018, 5:23:11 AM --- INFO --- Client 4 received an audio response from server 
4/20/2018, 5:23:32 AM --- INFO --- Server audio response sent to clients 
4/20/2018, 5:23:33 AM --- INFO --- Client 4 received an audio response from server 
4/20/2018, 5:23:48 AM --- INFO --- 4 has disconnected 
4/20/2018, 5:23:48 AM --- INFO --- Session has ended, there are no more participants 
