4/20/2018, 5:12:13 AM --- INFO --- i is now connected 
4/20/2018, 5:12:13 AM --- INFO --- Client i is ready to record 
4/20/2018, 5:12:14 AM --- INFO --- Client i began recording 
4/20/2018, 5:12:15 AM --- INFO --- Client i stopped recording 
4/20/2018, 5:12:15 AM --- INFO --- Audio file is saved at ./audio-recordings/i-1524215535659.wav 
4/20/2018, 5:12:17 AM --- INFO --- Client i began recording 
4/20/2018, 5:12:17 AM --- INFO --- Client i stopped recording 
4/20/2018, 5:12:17 AM --- INFO --- Audio file is saved at ./audio-recordings/i-1524215537556.wav 
4/20/2018, 5:12:35 AM --- INFO --- Server audio response sent to clients 
4/20/2018, 5:12:35 AM --- INFO --- Client i received an audio response from server 
4/20/2018, 5:12:55 AM --- INFO --- Server audio response sent to clients 
4/20/2018, 5:12:55 AM --- INFO --- Client i received an audio response from server 
4/20/2018, 5:13:06 AM --- INFO --- Server audio response sent to clients 
4/20/2018, 5:13:06 AM --- INFO --- Client i received an audio response from server 
4/20/2018, 5:13:09 AM --- INFO --- Server audio response sent to clients 
4/20/2018, 5:13:09 AM --- INFO --- Client i received an audio response from server 
4/20/2018, 5:13:11 AM --- INFO --- Server audio response sent to clients 
4/20/2018, 5:13:11 AM --- INFO --- Client i received an audio response from server 
4/20/2018, 5:13:32 AM --- INFO --- Server audio response sent to clients 
4/20/2018, 5:13:33 AM --- INFO --- Client i received an audio response from server 
4/20/2018, 5:13:51 AM --- INFO --- Server audio response sent to clients 
4/20/2018, 5:13:51 AM --- INFO --- Client i received an audio response from server 
4/20/2018, 5:13:55 AM --- INFO --- i has disconnected 
4/20/2018, 5:13:55 AM --- INFO --- Session has ended, there are no more participants 
