4/20/2018, 5:23:50 AM --- INFO --- 3 is now connected 
4/20/2018, 5:23:50 AM --- INFO --- Client 3 is ready to record 
4/20/2018, 5:23:51 AM --- INFO --- Server audio response sent to clients 
4/20/2018, 5:23:51 AM --- INFO --- Client 3 received an audio response from server 
4/20/2018, 5:23:53 AM --- INFO --- Client 3 began recording 
4/20/2018, 5:23:54 AM --- INFO --- Client 3 stopped recording 
4/20/2018, 5:23:54 AM --- INFO --- Audio file is saved at ./audio-recordings/3-1524216234797.wav 
4/20/2018, 5:23:56 AM --- INFO --- Server audio response sent to clients 
4/20/2018, 5:23:56 AM --- INFO --- Client 3 received an audio response from server 
4/20/2018, 5:24:04 AM --- INFO --- Server audio response sent to clients 
4/20/2018, 5:24:04 AM --- INFO --- Client 3 received an audio response from server 
4/20/2018, 5:24:10 AM --- INFO --- Server audio response sent to clients 
4/20/2018, 5:24:10 AM --- INFO --- Client 3 received an audio response from server 
4/20/2018, 5:24:14 AM --- INFO --- Server audio response sent to clients 
4/20/2018, 5:24:14 AM --- INFO --- Client 3 received an audio response from server 
4/20/2018, 5:24:35 AM --- INFO --- Server audio response sent to clients 
4/20/2018, 5:24:35 AM --- INFO --- Client 3 received an audio response from server 
4/20/2018, 5:24:55 AM --- INFO --- Server audio response sent to clients 
4/20/2018, 5:24:55 AM --- INFO --- Client 3 received an audio response from server 
4/20/2018, 5:25:06 AM --- INFO --- Server audio response sent to clients 
4/20/2018, 5:25:06 AM --- INFO --- Client 3 received an audio response from server 
4/20/2018, 5:25:09 AM --- INFO --- Server audio response sent to clients 
4/20/2018, 5:25:09 AM --- INFO --- Client 3 received an audio response from server 
4/20/2018, 5:25:11 AM --- INFO --- Server audio response sent to clients 
4/20/2018, 5:25:11 AM --- INFO --- Client 3 received an audio response from server 
4/20/2018, 5:25:32 AM --- INFO --- Server audio response sent to clients 
4/20/2018, 5:25:33 AM --- INFO --- Client 3 received an audio response from server 
4/20/2018, 5:25:36 AM --- INFO --- 3 has disconnected 
4/20/2018, 5:25:36 AM --- INFO --- Session has ended, there are no more participants 
