4/20/2018, 5:07:18 AM --- INFO --- o is now connected 
4/20/2018, 5:07:18 AM --- INFO --- Client o is ready to record 
4/20/2018, 5:07:51 AM --- INFO --- Server audio response sent to clients 
4/20/2018, 5:07:51 AM --- INFO --- Client o received an audio response from server 
4/20/2018, 5:08:35 AM --- INFO --- Server audio response sent to clients 
4/20/2018, 5:08:35 AM --- INFO --- Client o received an audio response from server 
4/20/2018, 5:08:55 AM --- INFO --- Server audio response sent to clients 
4/20/2018, 5:08:55 AM --- INFO --- Client o received an audio response from server 
4/20/2018, 5:09:06 AM --- INFO --- Server audio response sent to clients 
4/20/2018, 5:09:06 AM --- INFO --- Client o received an audio response from server 
4/20/2018, 5:09:09 AM --- INFO --- Server audio response sent to clients 
4/20/2018, 5:09:09 AM --- INFO --- Client o received an audio response from server 
4/20/2018, 5:09:11 AM --- INFO --- Server audio response sent to clients 
4/20/2018, 5:09:51 AM --- INFO --- Server audio response sent to clients 
4/20/2018, 5:09:51 AM --- INFO --- Client o received an audio response from server 
4/20/2018, 5:10:35 AM --- INFO --- Server audio response sent to clients 
4/20/2018, 5:10:35 AM --- INFO --- Client o received an audio response from server 
4/20/2018, 5:10:55 AM --- INFO --- Server audio response sent to clients 
4/20/2018, 5:10:55 AM --- INFO --- Client o received an audio response from server 
4/20/2018, 5:11:06 AM --- INFO --- Server audio response sent to clients 
4/20/2018, 5:11:06 AM --- INFO --- Client o received an audio response from server 
4/20/2018, 5:11:09 AM --- INFO --- Server audio response sent to clients 
4/20/2018, 5:11:09 AM --- INFO --- Client o received an audio response from server 
4/20/2018, 5:11:11 AM --- INFO --- Server audio response sent to clients 
4/20/2018, 5:11:32 AM --- INFO --- o has disconnected 
4/20/2018, 5:11:32 AM --- INFO --- Session has ended, there are no more participants 
