4/20/2018, 2:43:21 AM --- INFO --- t3 is now connected 
4/20/2018, 2:43:21 AM --- INFO --- Client t3 is ready to record 
4/20/2018, 2:43:25 AM --- INFO --- t4 is now connected 
4/20/2018, 2:43:25 AM --- INFO --- Client t4 is ready to record 
4/20/2018, 2:43:31 AM --- INFO --- Client t4 began recording 
4/20/2018, 2:43:33 AM --- INFO --- Client t3 began recording 
4/20/2018, 2:43:36 AM --- INFO --- Client t3 requested an audio response from server 
4/20/2018, 2:43:37 AM --- INFO --- Client t3 received an audio response from server 
4/20/2018, 2:43:39 AM --- INFO --- Client t3 stopped recording 
4/20/2018, 2:43:39 AM --- INFO --- Audio file is saved at ./audio-recordings/t3-1524206619197.wav 
4/20/2018, 2:43:40 AM --- INFO --- Client t4 stopped recording 
4/20/2018, 2:43:40 AM --- INFO --- Audio file is saved at ./audio-recordings/t4-1524206620671.wav 
4/20/2018, 2:43:46 AM --- INFO --- t4 has disconnected 
4/20/2018, 2:43:54 AM --- INFO --- t5 is now connected 
4/20/2018, 2:43:54 AM --- INFO --- Client t5 is ready to record 
4/20/2018, 2:43:59 AM --- INFO --- Client t5 began recording 
4/20/2018, 2:44:01 AM --- INFO --- Client t3 began recording 
4/20/2018, 2:44:03 AM --- INFO --- Client t3 stopped recording 
4/20/2018, 2:44:03 AM --- INFO --- Audio file is saved at ./audio-recordings/t3-1524206643886.wav 
4/20/2018, 2:44:06 AM --- INFO --- Client t5 stopped recording 
4/20/2018, 2:44:06 AM --- INFO --- Audio file is saved at ./audio-recordings/t5-1524206646301.wav 
4/20/2018, 2:44:09 AM --- INFO --- t5 has disconnected 
4/20/2018, 2:44:09 AM --- INFO --- t3 has disconnected 
